2024-06-29T16:36:36.416+07:00  INFO 57764 --- [Note] [restartedMain] com.project.note.NoteApplication         : Starting NoteApplication using Java 17.0.11 with PID 57764 (/Users/trthanhdo41/Desktop/admin 2/target/classes started by trthanhdo41 in /Users/trthanhdo41/Desktop/admin 2)
2024-06-29T16:36:36.419+07:00 DEBUG 57764 --- [Note] [restartedMain] com.project.note.NoteApplication         : Running with Spring Boot v3.3.0, Spring v6.1.8
2024-06-29T16:36:36.419+07:00  INFO 57764 --- [Note] [restartedMain] com.project.note.NoteApplication         : No active profile set, falling back to 1 default profile: "default"
2024-06-29T16:36:36.446+07:00  INFO 57764 --- [Note] [restartedMain] .e.DevToolsPropertyDefaultsPostProcessor : Devtools property defaults active! Set 'spring.devtools.add-properties' to 'false' to disable
2024-06-29T16:36:36.446+07:00  INFO 57764 --- [Note] [restartedMain] .e.DevToolsPropertyDefaultsPostProcessor : For additional web related logging consider setting the 'logging.level.web' property to 'DEBUG'
2024-06-29T16:36:36.828+07:00  INFO 57764 --- [Note] [restartedMain] .s.d.r.c.RepositoryConfigurationDelegate : Bootstrapping Spring Data JPA repositories in DEFAULT mode.
2024-06-29T16:36:36.860+07:00  INFO 57764 --- [Note] [restartedMain] .s.d.r.c.RepositoryConfigurationDelegate : Finished Spring Data repository scanning in 29 ms. Found 7 JPA repository interfaces.
2024-06-29T16:36:37.147+07:00  INFO 57764 --- [Note] [restartedMain] o.s.b.w.embedded.tomcat.TomcatWebServer  : Tomcat initialized with port 8080 (http)
2024-06-29T16:36:37.153+07:00  INFO 57764 --- [Note] [restartedMain] o.apache.catalina.core.StandardService   : Starting service [Tomcat]
2024-06-29T16:36:37.153+07:00  INFO 57764 --- [Note] [restartedMain] o.apache.catalina.core.StandardEngine    : Starting Servlet engine: [Apache Tomcat/10.1.24]
2024-06-29T16:36:37.172+07:00  INFO 57764 --- [Note] [restartedMain] o.a.c.c.C.[Tomcat].[localhost].[/]       : Initializing Spring embedded WebApplicationContext
2024-06-29T16:36:37.172+07:00  INFO 57764 --- [Note] [restartedMain] w.s.c.ServletWebServerApplicationContext : Root WebApplicationContext: initialization completed in 725 ms
2024-06-29T16:36:37.257+07:00  INFO 57764 --- [Note] [restartedMain] o.hibernate.jpa.internal.util.LogHelper  : HHH000204: Processing PersistenceUnitInfo [name: default]
2024-06-29T16:36:37.283+07:00  INFO 57764 --- [Note] [restartedMain] org.hibernate.Version                    : HHH000412: Hibernate ORM core version 6.5.2.Final
2024-06-29T16:36:37.297+07:00  INFO 57764 --- [Note] [restartedMain] o.h.c.internal.RegionFactoryInitiator    : HHH000026: Second-level cache disabled
2024-06-29T16:36:37.437+07:00  INFO 57764 --- [Note] [restartedMain] o.s.o.j.p.SpringPersistenceUnitInfo      : No LoadTimeWeaver setup: ignoring JPA class transformer
2024-06-29T16:36:37.449+07:00  INFO 57764 --- [Note] [restartedMain] com.zaxxer.hikari.HikariDataSource       : HikariPool-1 - Starting...
2024-06-29T16:36:37.588+07:00  INFO 57764 --- [Note] [restartedMain] com.zaxxer.hikari.pool.HikariPool        : HikariPool-1 - Added connection com.mysql.cj.jdbc.ConnectionImpl@5820d52e
2024-06-29T16:36:37.588+07:00  INFO 57764 --- [Note] [restartedMain] com.zaxxer.hikari.HikariDataSource       : HikariPool-1 - Start completed.
2024-06-29T16:36:37.615+07:00  WARN 57764 --- [Note] [restartedMain] org.hibernate.orm.deprecation            : HHH90000025: MySQLDialect does not need to be specified explicitly using 'hibernate.dialect' (remove the property setting and it will be selected by default)
2024-06-29T16:36:38.032+07:00  INFO 57764 --- [Note] [restartedMain] o.h.e.t.j.p.i.JtaPlatformInitiator       : HHH000489: No JTA platform available (set 'hibernate.transaction.jta.platform' to enable JTA platform integration)
2024-06-29T16:36:38.151+07:00  INFO 57764 --- [Note] [restartedMain] j.LocalContainerEntityManagerFactoryBean : Initialized JPA EntityManagerFactory for persistence unit 'default'
2024-06-29T16:36:38.309+07:00  INFO 57764 --- [Note] [restartedMain] o.s.d.j.r.query.QueryEnhancerFactory     : Hibernate is in classpath; If applicable, HQL parser will be used.
2024-06-29T16:36:38.779+07:00  WARN 57764 --- [Note] [restartedMain] JpaBaseConfiguration$JpaWebConfiguration : spring.jpa.open-in-view is enabled by default. Therefore, database queries may be performed during view rendering. Explicitly configure spring.jpa.open-in-view to disable this warning
2024-06-29T16:36:38.795+07:00  INFO 57764 --- [Note] [restartedMain] eAuthenticationProviderManagerConfigurer : Global AuthenticationManager configured with AuthenticationProvider bean with name authenticationProvider
2024-06-29T16:36:38.795+07:00  WARN 57764 --- [Note] [restartedMain] r$InitializeUserDetailsManagerConfigurer : Global AuthenticationManager configured with an AuthenticationProvider bean. UserDetailsService beans will not be used for username/password login. Consider removing the AuthenticationProvider bean. Alternatively, consider using the UserDetailsService in a manually instantiated DaoAuthenticationProvider.
2024-06-29T16:36:38.965+07:00  INFO 57764 --- [Note] [restartedMain] o.s.s.web.DefaultSecurityFilterChain     : Will secure any request with [org.springframework.security.web.session.DisableEncodeUrlFilter@2e2a50b, org.springframework.security.web.context.request.async.WebAsyncManagerIntegrationFilter@6d56e853, org.springframework.security.web.context.SecurityContextHolderFilter@4b296457, org.springframework.security.web.header.HeaderWriterFilter@76994ba9, org.springframework.web.filter.CorsFilter@296b6379, org.springframework.security.web.csrf.CsrfFilter@12388b83, org.springframework.security.web.authentication.logout.LogoutFilter@66d0deca, org.springframework.security.web.authentication.UsernamePasswordAuthenticationFilter@70c687ff, org.springframework.security.web.savedrequest.RequestCacheAwareFilter@2bb50661, org.springframework.security.web.servletapi.SecurityContextHolderAwareRequestFilter@21ad3ccd, org.springframework.security.web.authentication.AnonymousAuthenticationFilter@11e5704c, org.springframework.security.web.access.ExceptionTranslationFilter@30b5e66a, org.springframework.security.web.access.intercept.FilterSecurityInterceptor@37eb1602]
2024-06-29T16:36:39.165+07:00  INFO 57764 --- [Note] [restartedMain] o.s.b.d.a.OptionalLiveReloadServer       : LiveReload server is running on port 35729
2024-06-29T16:36:39.187+07:00  INFO 57764 --- [Note] [restartedMain] o.s.b.w.embedded.tomcat.TomcatWebServer  : Tomcat started on port 8080 (http) with context path '/'
2024-06-29T16:36:39.193+07:00  INFO 57764 --- [Note] [restartedMain] com.project.note.NoteApplication         : Started NoteApplication in 2.967 seconds (process running for 3.404)
2024-06-29T16:36:43.146+07:00  INFO 57764 --- [Note] [http-nio-8080-exec-1] o.a.c.c.C.[Tomcat].[localhost].[/]       : Initializing Spring DispatcherServlet 'dispatcherServlet'
2024-06-29T16:36:43.149+07:00  INFO 57764 --- [Note] [http-nio-8080-exec-1] o.s.web.servlet.DispatcherServlet        : Initializing Servlet 'dispatcherServlet'
2024-06-29T16:36:43.154+07:00  INFO 57764 --- [Note] [http-nio-8080-exec-1] o.s.web.servlet.DispatcherServlet        : Completed initialization in 4 ms
2024-06-29T16:36:43.848+07:00  WARN 57764 --- [Note] [http-nio-8080-exec-6] o.s.web.servlet.PageNotFound             : No mapping for GET /favicon.ico
2024-06-29T16:36:43.855+07:00  WARN 57764 --- [Note] [http-nio-8080-exec-6] o.s.w.s.h.SimpleMappingExceptionResolver : Resolved [org.springframework.web.servlet.NoHandlerFoundException: No endpoint GET /favicon.ico.]
2024-06-29T16:37:44.674+07:00  INFO 57764 --- [Note] [SpringApplicationShutdownHook] j.LocalContainerEntityManagerFactoryBean : Closing JPA EntityManagerFactory for persistence unit 'default'
2024-06-29T16:37:44.684+07:00  INFO 57764 --- [Note] [SpringApplicationShutdownHook] com.zaxxer.hikari.HikariDataSource       : HikariPool-1 - Shutdown initiated...
2024-06-29T16:37:44.712+07:00  INFO 57764 --- [Note] [SpringApplicationShutdownHook] com.zaxxer.hikari.HikariDataSource       : HikariPool-1 - Shutdown completed.
2024-06-29T16:37:51.385+07:00  INFO 58356 --- [Note] [restartedMain] com.project.note.NoteApplication         : Starting NoteApplication using Java 17.0.11 with PID 58356 (/Users/trthanhdo41/Desktop/admin 2/target/classes started by trthanhdo41 in /Users/trthanhdo41/Desktop/admin 2)
2024-06-29T16:37:51.387+07:00 DEBUG 58356 --- [Note] [restartedMain] com.project.note.NoteApplication         : Running with Spring Boot v3.3.0, Spring v6.1.8
2024-06-29T16:37:51.389+07:00  INFO 58356 --- [Note] [restartedMain] com.project.note.NoteApplication         : No active profile set, falling back to 1 default profile: "default"
2024-06-29T16:37:51.443+07:00  INFO 58356 --- [Note] [restartedMain] .e.DevToolsPropertyDefaultsPostProcessor : Devtools property defaults active! Set 'spring.devtools.add-properties' to 'false' to disable
2024-06-29T16:37:51.444+07:00  INFO 58356 --- [Note] [restartedMain] .e.DevToolsPropertyDefaultsPostProcessor : For additional web related logging consider setting the 'logging.level.web' property to 'DEBUG'
2024-06-29T16:38:00.100+07:00  INFO 58356 --- [Note] [restartedMain] .s.d.r.c.RepositoryConfigurationDelegate : Bootstrapping Spring Data JPA repositories in DEFAULT mode.
2024-06-29T16:38:00.537+07:00  INFO 58356 --- [Note] [restartedMain] .s.d.r.c.RepositoryConfigurationDelegate : Finished Spring Data repository scanning in 426 ms. Found 7 JPA repository interfaces.
2024-06-29T16:38:03.702+07:00  INFO 58356 --- [Note] [restartedMain] o.s.b.w.embedded.tomcat.TomcatWebServer  : Tomcat initialized with port 8080 (http)
2024-06-29T16:38:03.718+07:00  INFO 58356 --- [Note] [restartedMain] o.apache.catalina.core.StandardService   : Starting service [Tomcat]
2024-06-29T16:38:03.718+07:00  INFO 58356 --- [Note] [restartedMain] o.apache.catalina.core.StandardEngine    : Starting Servlet engine: [Apache Tomcat/10.1.24]
2024-06-29T16:38:03.770+07:00  INFO 58356 --- [Note] [restartedMain] o.a.c.c.C.[Tomcat].[localhost].[/]       : Initializing Spring embedded WebApplicationContext
2024-06-29T16:38:03.771+07:00  INFO 58356 --- [Note] [restartedMain] w.s.c.ServletWebServerApplicationContext : Root WebApplicationContext: initialization completed in 12327 ms
2024-06-29T16:38:05.735+07:00  INFO 58356 --- [Note] [restartedMain] o.hibernate.jpa.internal.util.LogHelper  : HHH000204: Processing PersistenceUnitInfo [name: default]
2024-06-29T16:38:05.894+07:00  INFO 58356 --- [Note] [restartedMain] org.hibernate.Version                    : HHH000412: Hibernate ORM core version 6.5.2.Final
2024-06-29T16:38:06.094+07:00  INFO 58356 --- [Note] [restartedMain] o.h.c.internal.RegionFactoryInitiator    : HHH000026: Second-level cache disabled
2024-06-29T16:38:07.859+07:00  INFO 58356 --- [Note] [restartedMain] o.s.o.j.p.SpringPersistenceUnitInfo      : No LoadTimeWeaver setup: ignoring JPA class transformer
2024-06-29T16:38:07.913+07:00  INFO 58356 --- [Note] [restartedMain] com.zaxxer.hikari.HikariDataSource       : HikariPool-1 - Starting...
2024-06-29T16:38:11.975+07:00  INFO 58356 --- [Note] [restartedMain] com.zaxxer.hikari.pool.HikariPool        : HikariPool-1 - Added connection com.mysql.cj.jdbc.ConnectionImpl@142bf4cf
2024-06-29T16:38:11.999+07:00  INFO 58356 --- [Note] [restartedMain] com.zaxxer.hikari.HikariDataSource       : HikariPool-1 - Start completed.
2024-06-29T16:38:12.523+07:00  WARN 58356 --- [Note] [restartedMain] org.hibernate.orm.deprecation            : HHH90000025: MySQLDialect does not need to be specified explicitly using 'hibernate.dialect' (remove the property setting and it will be selected by default)
2024-06-29T16:38:20.384+07:00  INFO 58356 --- [Note] [restartedMain] o.h.e.t.j.p.i.JtaPlatformInitiator       : HHH000489: No JTA platform available (set 'hibernate.transaction.jta.platform' to enable JTA platform integration)
2024-06-29T16:38:25.096+07:00  INFO 58356 --- [Note] [restartedMain] j.LocalContainerEntityManagerFactoryBean : Initialized JPA EntityManagerFactory for persistence unit 'default'
2024-06-29T16:38:26.947+07:00  INFO 58356 --- [Note] [restartedMain] o.s.d.j.r.query.QueryEnhancerFactory     : Hibernate is in classpath; If applicable, HQL parser will be used.
2024-06-29T16:38:28.977+07:00  WARN 58356 --- [Note] [restartedMain] JpaBaseConfiguration$JpaWebConfiguration : spring.jpa.open-in-view is enabled by default. Therefore, database queries may be performed during view rendering. Explicitly configure spring.jpa.open-in-view to disable this warning
2024-06-29T16:38:29.187+07:00  INFO 58356 --- [Note] [restartedMain] eAuthenticationProviderManagerConfigurer : Global AuthenticationManager configured with AuthenticationProvider bean with name authenticationProvider
2024-06-29T16:38:29.191+07:00  WARN 58356 --- [Note] [restartedMain] r$InitializeUserDetailsManagerConfigurer : Global AuthenticationManager configured with an AuthenticationProvider bean. UserDetailsService beans will not be used for username/password login. Consider removing the AuthenticationProvider bean. Alternatively, consider using the UserDetailsService in a manually instantiated DaoAuthenticationProvider.
2024-06-29T16:38:29.958+07:00  INFO 58356 --- [Note] [restartedMain] o.s.s.web.DefaultSecurityFilterChain     : Will secure any request with [org.springframework.security.web.session.DisableEncodeUrlFilter@21049529, org.springframework.security.web.context.request.async.WebAsyncManagerIntegrationFilter@47ca327a, org.springframework.security.web.context.SecurityContextHolderFilter@1886d634, org.springframework.security.web.header.HeaderWriterFilter@257e20f3, org.springframework.web.filter.CorsFilter@fe73d4b, org.springframework.security.web.csrf.CsrfFilter@427af305, org.springframework.security.web.authentication.logout.LogoutFilter@2d7c0bca, org.springframework.security.web.authentication.UsernamePasswordAuthenticationFilter@4d70a2ba, org.springframework.security.web.savedrequest.RequestCacheAwareFilter@314cc4ef, org.springframework.security.web.servletapi.SecurityContextHolderAwareRequestFilter@2e4e807c, org.springframework.security.web.authentication.AnonymousAuthenticationFilter@21c272c8, org.springframework.security.web.access.ExceptionTranslationFilter@2d0de79b, org.springframework.security.web.access.intercept.FilterSecurityInterceptor@5c774bf8]
2024-06-29T16:38:30.443+07:00  INFO 58356 --- [Note] [restartedMain] o.s.b.d.a.OptionalLiveReloadServer       : LiveReload server is running on port 35729
2024-06-29T16:38:30.503+07:00  INFO 58356 --- [Note] [restartedMain] o.s.b.w.embedded.tomcat.TomcatWebServer  : Tomcat started on port 8080 (http) with context path '/'
2024-06-29T16:38:30.516+07:00  INFO 58356 --- [Note] [restartedMain] com.project.note.NoteApplication         : Started NoteApplication in 40.475 seconds (process running for 42.543)
2024-06-29T16:38:33.851+07:00  INFO 58356 --- [Note] [http-nio-8080-exec-1] o.a.c.c.C.[Tomcat].[localhost].[/]       : Initializing Spring DispatcherServlet 'dispatcherServlet'
2024-06-29T16:38:33.853+07:00  INFO 58356 --- [Note] [http-nio-8080-exec-1] o.s.web.servlet.DispatcherServlet        : Initializing Servlet 'dispatcherServlet'
2024-06-29T16:38:33.857+07:00  INFO 58356 --- [Note] [http-nio-8080-exec-1] o.s.web.servlet.DispatcherServlet        : Completed initialization in 4 ms
2024-06-29T16:38:34.989+07:00  INFO 58356 --- [Note] [SpringApplicationShutdownHook] j.LocalContainerEntityManagerFactoryBean : Closing JPA EntityManagerFactory for persistence unit 'default'
2024-06-29T16:38:35.128+07:00  INFO 58356 --- [Note] [SpringApplicationShutdownHook] com.zaxxer.hikari.HikariDataSource       : HikariPool-1 - Shutdown initiated...
2024-06-29T16:38:35.203+07:00  INFO 58356 --- [Note] [SpringApplicationShutdownHook] com.zaxxer.hikari.HikariDataSource       : HikariPool-1 - Shutdown completed.
2024-06-29T16:38:59.754+07:00  INFO 58894 --- [Note] [restartedMain] com.project.note.NoteApplication         : Starting NoteApplication using Java 17.0.11 with PID 58894 (/Users/trthanhdo41/Desktop/admin 2/target/classes started by trthanhdo41 in /Users/trthanhdo41/Desktop/admin 2)
2024-06-29T16:38:59.757+07:00 DEBUG 58894 --- [Note] [restartedMain] com.project.note.NoteApplication         : Running with Spring Boot v3.3.0, Spring v6.1.8
2024-06-29T16:38:59.758+07:00  INFO 58894 --- [Note] [restartedMain] com.project.note.NoteApplication         : No active profile set, falling back to 1 default profile: "default"
2024-06-29T16:38:59.800+07:00  INFO 58894 --- [Note] [restartedMain] .e.DevToolsPropertyDefaultsPostProcessor : Devtools property defaults active! Set 'spring.devtools.add-properties' to 'false' to disable
2024-06-29T16:38:59.801+07:00  INFO 58894 --- [Note] [restartedMain] .e.DevToolsPropertyDefaultsPostProcessor : For additional web related logging consider setting the 'logging.level.web' property to 'DEBUG'
2024-06-29T16:39:00.315+07:00  INFO 58894 --- [Note] [restartedMain] .s.d.r.c.RepositoryConfigurationDelegate : Bootstrapping Spring Data JPA repositories in DEFAULT mode.
2024-06-29T16:39:00.354+07:00  INFO 58894 --- [Note] [restartedMain] .s.d.r.c.RepositoryConfigurationDelegate : Finished Spring Data repository scanning in 35 ms. Found 7 JPA repository interfaces.
2024-06-29T16:39:00.700+07:00  INFO 58894 --- [Note] [restartedMain] o.s.b.w.embedded.tomcat.TomcatWebServer  : Tomcat initialized with port 8080 (http)
2024-06-29T16:39:00.705+07:00  INFO 58894 --- [Note] [restartedMain] o.apache.catalina.core.StandardService   : Starting service [Tomcat]
2024-06-29T16:39:00.706+07:00  INFO 58894 --- [Note] [restartedMain] o.apache.catalina.core.StandardEngine    : Starting Servlet engine: [Apache Tomcat/10.1.24]
2024-06-29T16:39:00.725+07:00  INFO 58894 --- [Note] [restartedMain] o.a.c.c.C.[Tomcat].[localhost].[/]       : Initializing Spring embedded WebApplicationContext
2024-06-29T16:39:00.725+07:00  INFO 58894 --- [Note] [restartedMain] w.s.c.ServletWebServerApplicationContext : Root WebApplicationContext: initialization completed in 924 ms
2024-06-29T16:39:00.819+07:00  INFO 58894 --- [Note] [restartedMain] o.hibernate.jpa.internal.util.LogHelper  : HHH000204: Processing PersistenceUnitInfo [name: default]
2024-06-29T16:39:00.847+07:00  INFO 58894 --- [Note] [restartedMain] org.hibernate.Version                    : HHH000412: Hibernate ORM core version 6.5.2.Final
2024-06-29T16:39:00.861+07:00  INFO 58894 --- [Note] [restartedMain] o.h.c.internal.RegionFactoryInitiator    : HHH000026: Second-level cache disabled
2024-06-29T16:39:01.009+07:00  INFO 58894 --- [Note] [restartedMain] o.s.o.j.p.SpringPersistenceUnitInfo      : No LoadTimeWeaver setup: ignoring JPA class transformer
2024-06-29T16:39:01.022+07:00  INFO 58894 --- [Note] [restartedMain] com.zaxxer.hikari.HikariDataSource       : HikariPool-1 - Starting...
2024-06-29T16:39:01.263+07:00  INFO 58894 --- [Note] [restartedMain] com.zaxxer.hikari.pool.HikariPool        : HikariPool-1 - Added connection com.mysql.cj.jdbc.ConnectionImpl@26a07e24
2024-06-29T16:39:01.264+07:00  INFO 58894 --- [Note] [restartedMain] com.zaxxer.hikari.HikariDataSource       : HikariPool-1 - Start completed.
2024-06-29T16:39:01.295+07:00  WARN 58894 --- [Note] [restartedMain] org.hibernate.orm.deprecation            : HHH90000025: MySQLDialect does not need to be specified explicitly using 'hibernate.dialect' (remove the property setting and it will be selected by default)
2024-06-29T16:39:01.764+07:00  INFO 58894 --- [Note] [restartedMain] o.h.e.t.j.p.i.JtaPlatformInitiator       : HHH000489: No JTA platform available (set 'hibernate.transaction.jta.platform' to enable JTA platform integration)
2024-06-29T16:39:01.915+07:00  INFO 58894 --- [Note] [restartedMain] j.LocalContainerEntityManagerFactoryBean : Initialized JPA EntityManagerFactory for persistence unit 'default'
2024-06-29T16:39:02.100+07:00  INFO 58894 --- [Note] [restartedMain] o.s.d.j.r.query.QueryEnhancerFactory     : Hibernate is in classpath; If applicable, HQL parser will be used.
2024-06-29T16:39:02.693+07:00  WARN 58894 --- [Note] [restartedMain] JpaBaseConfiguration$JpaWebConfiguration : spring.jpa.open-in-view is enabled by default. Therefore, database queries may be performed during view rendering. Explicitly configure spring.jpa.open-in-view to disable this warning
2024-06-29T16:39:02.712+07:00  INFO 58894 --- [Note] [restartedMain] eAuthenticationProviderManagerConfigurer : Global AuthenticationManager configured with AuthenticationProvider bean with name authenticationProvider
2024-06-29T16:39:02.712+07:00  WARN 58894 --- [Note] [restartedMain] r$InitializeUserDetailsManagerConfigurer : Global AuthenticationManager configured with an AuthenticationProvider bean. UserDetailsService beans will not be used for username/password login. Consider removing the AuthenticationProvider bean. Alternatively, consider using the UserDetailsService in a manually instantiated DaoAuthenticationProvider.
2024-06-29T16:39:02.894+07:00  INFO 58894 --- [Note] [restartedMain] o.s.s.web.DefaultSecurityFilterChain     : Will secure any request with [org.springframework.security.web.session.DisableEncodeUrlFilter@1b44f035, org.springframework.security.web.context.request.async.WebAsyncManagerIntegrationFilter@22981747, org.springframework.security.web.context.SecurityContextHolderFilter@28d52142, org.springframework.security.web.header.HeaderWriterFilter@5400c856, org.springframework.web.filter.CorsFilter@34d3b83c, org.springframework.security.web.csrf.CsrfFilter@56b78ceb, org.springframework.security.web.authentication.logout.LogoutFilter@5651c26f, org.springframework.security.web.authentication.UsernamePasswordAuthenticationFilter@6aef865e, org.springframework.security.web.savedrequest.RequestCacheAwareFilter@c04455a, org.springframework.security.web.servletapi.SecurityContextHolderAwareRequestFilter@3dac4b5c, org.springframework.security.web.authentication.AnonymousAuthenticationFilter@4f4cd318, org.springframework.security.web.access.ExceptionTranslationFilter@35a1ceb7, org.springframework.security.web.access.intercept.FilterSecurityInterceptor@572dd91b]
2024-06-29T16:39:03.050+07:00  INFO 58894 --- [Note] [restartedMain] o.s.b.d.a.OptionalLiveReloadServer       : LiveReload server is running on port 35729
2024-06-29T16:39:03.070+07:00  INFO 58894 --- [Note] [restartedMain] o.s.b.w.embedded.tomcat.TomcatWebServer  : Tomcat started on port 8080 (http) with context path '/'
2024-06-29T16:39:03.076+07:00  INFO 58894 --- [Note] [restartedMain] com.project.note.NoteApplication         : Started NoteApplication in 3.633 seconds (process running for 4.17)
2024-06-29T16:39:09.049+07:00  INFO 58894 --- [Note] [http-nio-8080-exec-1] o.a.c.c.C.[Tomcat].[localhost].[/]       : Initializing Spring DispatcherServlet 'dispatcherServlet'
2024-06-29T16:39:09.050+07:00  INFO 58894 --- [Note] [http-nio-8080-exec-1] o.s.web.servlet.DispatcherServlet        : Initializing Servlet 'dispatcherServlet'
2024-06-29T16:39:09.053+07:00  INFO 58894 --- [Note] [http-nio-8080-exec-1] o.s.web.servlet.DispatcherServlet        : Completed initialization in 2 ms
2024-06-29T16:39:09.913+07:00  WARN 58894 --- [Note] [http-nio-8080-exec-7] o.s.web.servlet.PageNotFound             : No mapping for GET /favicon.ico
2024-06-29T16:39:09.928+07:00  WARN 58894 --- [Note] [http-nio-8080-exec-7] o.s.w.s.h.SimpleMappingExceptionResolver : Resolved [org.springframework.web.servlet.NoHandlerFoundException: No endpoint GET /favicon.ico.]
2024-06-29T16:39:12.477+07:00  WARN 58894 --- [Note] [http-nio-8080-exec-3] o.s.web.servlet.PageNotFound             : No mapping for GET /favicon.ico
2024-06-29T16:39:12.478+07:00  WARN 58894 --- [Note] [http-nio-8080-exec-3] o.s.w.s.h.SimpleMappingExceptionResolver : Resolved [org.springframework.web.servlet.NoHandlerFoundException: No endpoint GET /favicon.ico.]
2024-06-29T16:47:15.557+07:00  INFO 58894 --- [Note] [SpringApplicationShutdownHook] j.LocalContainerEntityManagerFactoryBean : Closing JPA EntityManagerFactory for persistence unit 'default'
2024-06-29T16:47:15.579+07:00  INFO 58894 --- [Note] [SpringApplicationShutdownHook] com.zaxxer.hikari.HikariDataSource       : HikariPool-1 - Shutdown initiated...
2024-06-29T16:47:19.195+07:00  INFO 58894 --- [Note] [SpringApplicationShutdownHook] com.zaxxer.hikari.HikariDataSource       : HikariPool-1 - Shutdown completed.
2024-06-29T16:47:32.373+07:00  INFO 62960 --- [Note] [restartedMain] com.project.note.NoteApplication         : Starting NoteApplication using Java 17.0.11 with PID 62960 (/Users/trthanhdo41/Desktop/admin 2/target/classes started by trthanhdo41 in /Users/trthanhdo41/Desktop/admin 2)
2024-06-29T16:47:32.516+07:00 DEBUG 62960 --- [Note] [restartedMain] com.project.note.NoteApplication         : Running with Spring Boot v3.3.0, Spring v6.1.8
2024-06-29T16:47:32.518+07:00  INFO 62960 --- [Note] [restartedMain] com.project.note.NoteApplication         : No active profile set, falling back to 1 default profile: "default"
2024-06-29T16:47:32.860+07:00  INFO 62960 --- [Note] [restartedMain] .e.DevToolsPropertyDefaultsPostProcessor : Devtools property defaults active! Set 'spring.devtools.add-properties' to 'false' to disable
2024-06-29T16:47:32.861+07:00  INFO 62960 --- [Note] [restartedMain] .e.DevToolsPropertyDefaultsPostProcessor : For additional web related logging consider setting the 'logging.level.web' property to 'DEBUG'
2024-06-29T16:47:39.285+07:00  INFO 62960 --- [Note] [restartedMain] .s.d.r.c.RepositoryConfigurationDelegate : Bootstrapping Spring Data JPA repositories in DEFAULT mode.
2024-06-29T16:47:40.274+07:00  INFO 62960 --- [Note] [restartedMain] .s.d.r.c.RepositoryConfigurationDelegate : Finished Spring Data repository scanning in 952 ms. Found 7 JPA repository interfaces.
2024-06-29T16:47:44.521+07:00  INFO 62960 --- [Note] [restartedMain] o.s.b.w.embedded.tomcat.TomcatWebServer  : Tomcat initialized with port 8080 (http)
2024-06-29T16:47:45.366+07:00  INFO 62960 --- [Note] [restartedMain] o.apache.catalina.core.StandardService   : Starting service [Tomcat]
2024-06-29T16:47:45.425+07:00  INFO 62960 --- [Note] [restartedMain] o.apache.catalina.core.StandardEngine    : Starting Servlet engine: [Apache Tomcat/10.1.24]
2024-06-29T16:47:46.813+07:00  INFO 62960 --- [Note] [restartedMain] o.a.c.c.C.[Tomcat].[localhost].[/]       : Initializing Spring embedded WebApplicationContext
2024-06-29T16:47:46.815+07:00  INFO 62960 --- [Note] [restartedMain] w.s.c.ServletWebServerApplicationContext : Root WebApplicationContext: initialization completed in 13954 ms
2024-06-29T16:47:47.956+07:00  INFO 62960 --- [Note] [restartedMain] o.hibernate.jpa.internal.util.LogHelper  : HHH000204: Processing PersistenceUnitInfo [name: default]
2024-06-29T16:47:48.049+07:00  INFO 62960 --- [Note] [restartedMain] org.hibernate.Version                    : HHH000412: Hibernate ORM core version 6.5.2.Final
2024-06-29T16:47:48.434+07:00  INFO 62960 --- [Note] [restartedMain] o.h.c.internal.RegionFactoryInitiator    : HHH000026: Second-level cache disabled
2024-06-29T16:47:49.392+07:00  INFO 62960 --- [Note] [restartedMain] o.s.o.j.p.SpringPersistenceUnitInfo      : No LoadTimeWeaver setup: ignoring JPA class transformer
2024-06-29T16:47:49.487+07:00  INFO 62960 --- [Note] [restartedMain] com.zaxxer.hikari.HikariDataSource       : HikariPool-1 - Starting...
2024-06-29T16:47:51.812+07:00  INFO 62960 --- [Note] [restartedMain] com.zaxxer.hikari.pool.HikariPool        : HikariPool-1 - Added connection com.mysql.cj.jdbc.ConnectionImpl@7a50e3fc
2024-06-29T16:47:51.815+07:00  INFO 62960 --- [Note] [restartedMain] com.zaxxer.hikari.HikariDataSource       : HikariPool-1 - Start completed.
2024-06-29T16:47:52.058+07:00  WARN 62960 --- [Note] [restartedMain] org.hibernate.orm.deprecation            : HHH90000025: MySQLDialect does not need to be specified explicitly using 'hibernate.dialect' (remove the property setting and it will be selected by default)
2024-06-29T16:47:53.987+07:00  INFO 62960 --- [Note] [restartedMain] o.h.e.t.j.p.i.JtaPlatformInitiator       : HHH000489: No JTA platform available (set 'hibernate.transaction.jta.platform' to enable JTA platform integration)
2024-06-29T16:47:54.440+07:00  INFO 62960 --- [Note] [restartedMain] j.LocalContainerEntityManagerFactoryBean : Initialized JPA EntityManagerFactory for persistence unit 'default'
2024-06-29T16:47:55.232+07:00  INFO 62960 --- [Note] [restartedMain] o.s.d.j.r.query.QueryEnhancerFactory     : Hibernate is in classpath; If applicable, HQL parser will be used.
2024-06-29T16:47:59.575+07:00  WARN 62960 --- [Note] [restartedMain] JpaBaseConfiguration$JpaWebConfiguration : spring.jpa.open-in-view is enabled by default. Therefore, database queries may be performed during view rendering. Explicitly configure spring.jpa.open-in-view to disable this warning
2024-06-29T16:47:59.631+07:00  INFO 62960 --- [Note] [restartedMain] eAuthenticationProviderManagerConfigurer : Global AuthenticationManager configured with AuthenticationProvider bean with name authenticationProvider
2024-06-29T16:47:59.634+07:00  WARN 62960 --- [Note] [restartedMain] r$InitializeUserDetailsManagerConfigurer : Global AuthenticationManager configured with an AuthenticationProvider bean. UserDetailsService beans will not be used for username/password login. Consider removing the AuthenticationProvider bean. Alternatively, consider using the UserDetailsService in a manually instantiated DaoAuthenticationProvider.
2024-06-29T16:48:00.662+07:00  INFO 62960 --- [Note] [restartedMain] o.s.s.web.DefaultSecurityFilterChain     : Will secure any request with [org.springframework.security.web.session.DisableEncodeUrlFilter@7bb389d0, org.springframework.security.web.context.request.async.WebAsyncManagerIntegrationFilter@6c317bd2, org.springframework.security.web.context.SecurityContextHolderFilter@6b1481f5, org.springframework.security.web.header.HeaderWriterFilter@426d860e, org.springframework.web.filter.CorsFilter@6e8edfd0, org.springframework.security.web.csrf.CsrfFilter@337afb9b, org.springframework.security.web.authentication.logout.LogoutFilter@76642925, org.springframework.security.web.authentication.UsernamePasswordAuthenticationFilter@6e1d8400, org.springframework.security.web.savedrequest.RequestCacheAwareFilter@1a52f044, org.springframework.security.web.servletapi.SecurityContextHolderAwareRequestFilter@41797855, org.springframework.security.web.authentication.AnonymousAuthenticationFilter@37bad3b9, org.springframework.security.web.access.ExceptionTranslationFilter@309e6a5, org.springframework.security.web.access.intercept.FilterSecurityInterceptor@1f51089c]
2024-06-29T16:48:01.256+07:00  INFO 62960 --- [Note] [restartedMain] o.s.b.d.a.OptionalLiveReloadServer       : LiveReload server is running on port 35729
2024-06-29T16:48:01.315+07:00  INFO 62960 --- [Note] [restartedMain] o.s.b.w.embedded.tomcat.TomcatWebServer  : Tomcat started on port 8080 (http) with context path '/'
2024-06-29T16:48:01.329+07:00  INFO 62960 --- [Note] [restartedMain] com.project.note.NoteApplication         : Started NoteApplication in 30.415 seconds (process running for 32.643)
2024-06-29T16:48:01.347+07:00  INFO 62960 --- [Note] [SpringApplicationShutdownHook] j.LocalContainerEntityManagerFactoryBean : Closing JPA EntityManagerFactory for persistence unit 'default'
2024-06-29T16:48:01.351+07:00  INFO 62960 --- [Note] [SpringApplicationShutdownHook] com.zaxxer.hikari.HikariDataSource       : HikariPool-1 - Shutdown initiated...
2024-06-29T16:48:01.358+07:00  INFO 62960 --- [Note] [SpringApplicationShutdownHook] com.zaxxer.hikari.HikariDataSource       : HikariPool-1 - Shutdown completed.
2024-06-29T16:48:10.094+07:00  INFO 63221 --- [Note] [restartedMain] com.project.note.NoteApplication         : Starting NoteApplication using Java 17.0.11 with PID 63221 (/Users/trthanhdo41/Desktop/admin 2/target/classes started by trthanhdo41 in /Users/trthanhdo41/Desktop/admin 2)
2024-06-29T16:48:10.114+07:00 DEBUG 63221 --- [Note] [restartedMain] com.project.note.NoteApplication         : Running with Spring Boot v3.3.0, Spring v6.1.8
2024-06-29T16:48:10.116+07:00  INFO 63221 --- [Note] [restartedMain] com.project.note.NoteApplication         : No active profile set, falling back to 1 default profile: "default"
2024-06-29T16:48:10.408+07:00  INFO 63221 --- [Note] [restartedMain] .e.DevToolsPropertyDefaultsPostProcessor : Devtools property defaults active! Set 'spring.devtools.add-properties' to 'false' to disable
2024-06-29T16:48:10.408+07:00  INFO 63221 --- [Note] [restartedMain] .e.DevToolsPropertyDefaultsPostProcessor : For additional web related logging consider setting the 'logging.level.web' property to 'DEBUG'
2024-06-29T16:48:12.193+07:00  INFO 63221 --- [Note] [restartedMain] .s.d.r.c.RepositoryConfigurationDelegate : Bootstrapping Spring Data JPA repositories in DEFAULT mode.
2024-06-29T16:48:12.340+07:00  INFO 63221 --- [Note] [restartedMain] .s.d.r.c.RepositoryConfigurationDelegate : Finished Spring Data repository scanning in 129 ms. Found 7 JPA repository interfaces.
2024-06-29T16:48:13.340+07:00  INFO 63221 --- [Note] [restartedMain] o.s.b.w.embedded.tomcat.TomcatWebServer  : Tomcat initialized with port 8080 (http)
2024-06-29T16:48:13.353+07:00  INFO 63221 --- [Note] [restartedMain] o.apache.catalina.core.StandardService   : Starting service [Tomcat]
2024-06-29T16:48:13.353+07:00  INFO 63221 --- [Note] [restartedMain] o.apache.catalina.core.StandardEngine    : Starting Servlet engine: [Apache Tomcat/10.1.24]
2024-06-29T16:48:13.397+07:00  INFO 63221 --- [Note] [restartedMain] o.a.c.c.C.[Tomcat].[localhost].[/]       : Initializing Spring embedded WebApplicationContext
2024-06-29T16:48:13.398+07:00  INFO 63221 --- [Note] [restartedMain] w.s.c.ServletWebServerApplicationContext : Root WebApplicationContext: initialization completed in 2989 ms
2024-06-29T16:48:13.606+07:00  INFO 63221 --- [Note] [restartedMain] o.hibernate.jpa.internal.util.LogHelper  : HHH000204: Processing PersistenceUnitInfo [name: default]
2024-06-29T16:48:13.653+07:00  INFO 63221 --- [Note] [restartedMain] org.hibernate.Version                    : HHH000412: Hibernate ORM core version 6.5.2.Final
2024-06-29T16:48:13.680+07:00  INFO 63221 --- [Note] [restartedMain] o.h.c.internal.RegionFactoryInitiator    : HHH000026: Second-level cache disabled
2024-06-29T16:48:13.890+07:00  INFO 63221 --- [Note] [restartedMain] o.s.o.j.p.SpringPersistenceUnitInfo      : No LoadTimeWeaver setup: ignoring JPA class transformer
2024-06-29T16:48:13.909+07:00  INFO 63221 --- [Note] [restartedMain] com.zaxxer.hikari.HikariDataSource       : HikariPool-1 - Starting...
2024-06-29T16:48:14.110+07:00  INFO 63221 --- [Note] [restartedMain] com.zaxxer.hikari.pool.HikariPool        : HikariPool-1 - Added connection com.mysql.cj.jdbc.ConnectionImpl@1ed68d71
2024-06-29T16:48:14.111+07:00  INFO 63221 --- [Note] [restartedMain] com.zaxxer.hikari.HikariDataSource       : HikariPool-1 - Start completed.
2024-06-29T16:48:14.153+07:00  WARN 63221 --- [Note] [restartedMain] org.hibernate.orm.deprecation            : HHH90000025: MySQLDialect does not need to be specified explicitly using 'hibernate.dialect' (remove the property setting and it will be selected by default)
2024-06-29T16:48:14.879+07:00  INFO 63221 --- [Note] [restartedMain] o.h.e.t.j.p.i.JtaPlatformInitiator       : HHH000489: No JTA platform available (set 'hibernate.transaction.jta.platform' to enable JTA platform integration)
2024-06-29T16:48:15.035+07:00  INFO 63221 --- [Note] [restartedMain] j.LocalContainerEntityManagerFactoryBean : Initialized JPA EntityManagerFactory for persistence unit 'default'
2024-06-29T16:48:15.254+07:00  INFO 63221 --- [Note] [restartedMain] o.s.d.j.r.query.QueryEnhancerFactory     : Hibernate is in classpath; If applicable, HQL parser will be used.
2024-06-29T16:48:16.042+07:00  WARN 63221 --- [Note] [restartedMain] JpaBaseConfiguration$JpaWebConfiguration : spring.jpa.open-in-view is enabled by default. Therefore, database queries may be performed during view rendering. Explicitly configure spring.jpa.open-in-view to disable this warning
2024-06-29T16:48:16.069+07:00  INFO 63221 --- [Note] [restartedMain] eAuthenticationProviderManagerConfigurer : Global AuthenticationManager configured with AuthenticationProvider bean with name authenticationProvider
2024-06-29T16:48:16.069+07:00  WARN 63221 --- [Note] [restartedMain] r$InitializeUserDetailsManagerConfigurer : Global AuthenticationManager configured with an AuthenticationProvider bean. UserDetailsService beans will not be used for username/password login. Consider removing the AuthenticationProvider bean. Alternatively, consider using the UserDetailsService in a manually instantiated DaoAuthenticationProvider.
2024-06-29T16:48:16.358+07:00  INFO 63221 --- [Note] [restartedMain] o.s.s.web.DefaultSecurityFilterChain     : Will secure any request with [org.springframework.security.web.session.DisableEncodeUrlFilter@5deafc1c, org.springframework.security.web.context.request.async.WebAsyncManagerIntegrationFilter@7cf7f9bf, org.springframework.security.web.context.SecurityContextHolderFilter@720f55dd, org.springframework.security.web.header.HeaderWriterFilter@30eda23e, org.springframework.web.filter.CorsFilter@53122dfb, org.springframework.security.web.csrf.CsrfFilter@4db1caa3, org.springframework.security.web.authentication.logout.LogoutFilter@2b814d9, org.springframework.security.web.authentication.UsernamePasswordAuthenticationFilter@d8449cb, org.springframework.security.web.savedrequest.RequestCacheAwareFilter@4af3d5e7, org.springframework.security.web.servletapi.SecurityContextHolderAwareRequestFilter@274488b0, org.springframework.security.web.authentication.AnonymousAuthenticationFilter@120c796, org.springframework.security.web.access.ExceptionTranslationFilter@206d4fc0, org.springframework.security.web.access.intercept.FilterSecurityInterceptor@6ba942bc]
2024-06-29T16:48:16.580+07:00  INFO 63221 --- [Note] [restartedMain] o.s.b.d.a.OptionalLiveReloadServer       : LiveReload server is running on port 35729
2024-06-29T16:48:16.610+07:00  INFO 63221 --- [Note] [restartedMain] o.s.b.w.embedded.tomcat.TomcatWebServer  : Tomcat started on port 8080 (http) with context path '/'
2024-06-29T16:48:16.619+07:00  INFO 63221 --- [Note] [restartedMain] com.project.note.NoteApplication         : Started NoteApplication in 7.543 seconds (process running for 10.51)
2024-06-29T16:48:18.709+07:00  INFO 63221 --- [Note] [http-nio-8080-exec-1] o.a.c.c.C.[Tomcat].[localhost].[/]       : Initializing Spring DispatcherServlet 'dispatcherServlet'
2024-06-29T16:48:18.709+07:00  INFO 63221 --- [Note] [http-nio-8080-exec-1] o.s.web.servlet.DispatcherServlet        : Initializing Servlet 'dispatcherServlet'
2024-06-29T16:48:18.710+07:00  INFO 63221 --- [Note] [http-nio-8080-exec-1] o.s.web.servlet.DispatcherServlet        : Completed initialization in 1 ms
2024-06-29T16:48:19.048+07:00  WARN 63221 --- [Note] [http-nio-8080-exec-2] o.s.web.servlet.PageNotFound             : No mapping for GET /favicon.ico
2024-06-29T16:48:19.051+07:00  WARN 63221 --- [Note] [http-nio-8080-exec-2] o.s.w.s.h.SimpleMappingExceptionResolver : Resolved [org.springframework.web.servlet.NoHandlerFoundException: No endpoint GET /favicon.ico.]
2024-06-29T16:48:21.909+07:00  WARN 63221 --- [Note] [http-nio-8080-exec-7] o.s.web.servlet.PageNotFound             : No mapping for GET /favicon.ico
2024-06-29T16:48:21.910+07:00  WARN 63221 --- [Note] [http-nio-8080-exec-7] o.s.w.s.h.SimpleMappingExceptionResolver : Resolved [org.springframework.web.servlet.NoHandlerFoundException: No endpoint GET /favicon.ico.]
2024-06-29T16:50:22.986+07:00  WARN 63221 --- [Note] [http-nio-8080-exec-2] o.s.web.servlet.PageNotFound             : No mapping for GET /favicon.ico
2024-06-29T16:50:22.995+07:00  WARN 63221 --- [Note] [http-nio-8080-exec-2] o.s.w.s.h.SimpleMappingExceptionResolver : Resolved [org.springframework.web.servlet.NoHandlerFoundException: No endpoint GET /favicon.ico.]
2024-06-29T16:50:23.870+07:00  WARN 63221 --- [Note] [http-nio-8080-exec-3] o.s.web.servlet.PageNotFound             : No mapping for GET /favicon.ico
2024-06-29T16:50:23.871+07:00  WARN 63221 --- [Note] [http-nio-8080-exec-3] o.s.w.s.h.SimpleMappingExceptionResolver : Resolved [org.springframework.web.servlet.NoHandlerFoundException: No endpoint GET /favicon.ico.]
2024-06-29T16:51:42.765+07:00  WARN 63221 --- [Note] [http-nio-8080-exec-1] o.s.web.servlet.PageNotFound             : No mapping for GET /favicon.ico
2024-06-29T16:51:42.768+07:00  WARN 63221 --- [Note] [http-nio-8080-exec-1] o.s.w.s.h.SimpleMappingExceptionResolver : Resolved [org.springframework.web.servlet.NoHandlerFoundException: No endpoint GET /favicon.ico.]
2024-06-29T16:51:43.320+07:00  WARN 63221 --- [Note] [http-nio-8080-exec-8] o.s.web.servlet.PageNotFound             : No mapping for GET /favicon.ico
2024-06-29T16:51:43.321+07:00  WARN 63221 --- [Note] [http-nio-8080-exec-8] o.s.w.s.h.SimpleMappingExceptionResolver : Resolved [org.springframework.web.servlet.NoHandlerFoundException: No endpoint GET /favicon.ico.]
2024-06-29T16:51:43.513+07:00  WARN 63221 --- [Note] [http-nio-8080-exec-3] o.s.web.servlet.PageNotFound             : No mapping for GET /favicon.ico
2024-06-29T16:51:43.515+07:00  WARN 63221 --- [Note] [http-nio-8080-exec-3] o.s.w.s.h.SimpleMappingExceptionResolver : Resolved [org.springframework.web.servlet.NoHandlerFoundException: No endpoint GET /favicon.ico.]
2024-06-29T16:51:43.935+07:00  WARN 63221 --- [Note] [http-nio-8080-exec-3] o.s.web.servlet.PageNotFound             : No mapping for GET /favicon.ico
2024-06-29T16:51:43.935+07:00  WARN 63221 --- [Note] [http-nio-8080-exec-3] o.s.w.s.h.SimpleMappingExceptionResolver : Resolved [org.springframework.web.servlet.NoHandlerFoundException: No endpoint GET /favicon.ico.]
2024-06-29T16:53:43.935+07:00  WARN 63221 --- [Note] [http-nio-8080-exec-3] o.s.web.servlet.PageNotFound             : No mapping for GET /favicon.ico
2024-06-29T16:53:43.952+07:00  WARN 63221 --- [Note] [http-nio-8080-exec-3] o.s.w.s.h.SimpleMappingExceptionResolver : Resolved [org.springframework.web.servlet.NoHandlerFoundException: No endpoint GET /favicon.ico.]
2024-06-29T16:54:06.379+07:00  WARN 63221 --- [Note] [http-nio-8080-exec-3] o.s.w.s.h.SimpleMappingExceptionResolver : Resolved [org.springframework.web.servlet.resource.NoResourceFoundException: No static resource bootstrap/js/popper.js.map.]
2024-06-29T16:54:11.735+07:00  WARN 63221 --- [Note] [http-nio-8080-exec-7] o.s.web.servlet.PageNotFound             : No mapping for GET /favicon.ico
2024-06-29T16:54:11.735+07:00  WARN 63221 --- [Note] [http-nio-8080-exec-7] o.s.w.s.h.SimpleMappingExceptionResolver : Resolved [org.springframework.web.servlet.NoHandlerFoundException: No endpoint GET /favicon.ico.]
2024-06-29T16:54:14.733+07:00  WARN 63221 --- [Note] [http-nio-8080-exec-6] o.s.w.s.h.SimpleMappingExceptionResolver : Resolved [org.springframework.web.servlet.resource.NoResourceFoundException: No static resource vegas.min.js.map.]
2024-06-29T16:54:14.764+07:00  WARN 63221 --- [Note] [http-nio-8080-exec-1] o.s.web.servlet.PageNotFound             : No mapping for GET /favicon.ico
2024-06-29T16:54:14.764+07:00  WARN 63221 --- [Note] [http-nio-8080-exec-1] o.s.w.s.h.SimpleMappingExceptionResolver : Resolved [org.springframework.web.servlet.NoHandlerFoundException: No endpoint GET /favicon.ico.]
2024-06-29T16:54:16.022+07:00  WARN 63221 --- [Note] [http-nio-8080-exec-7] o.s.web.servlet.PageNotFound             : No mapping for GET /favicon.ico
2024-06-29T16:54:16.023+07:00  WARN 63221 --- [Note] [http-nio-8080-exec-7] o.s.w.s.h.SimpleMappingExceptionResolver : Resolved [org.springframework.web.servlet.NoHandlerFoundException: No endpoint GET /favicon.ico.]
2024-06-29T16:54:28.914+07:00  WARN 63221 --- [Note] [http-nio-8080-exec-8] o.s.web.servlet.PageNotFound             : No mapping for GET /favicon.ico
2024-06-29T16:54:28.916+07:00  WARN 63221 --- [Note] [http-nio-8080-exec-8] o.s.w.s.h.SimpleMappingExceptionResolver : Resolved [org.springframework.web.servlet.NoHandlerFoundException: No endpoint GET /favicon.ico.]
2024-06-29T16:56:36.192+07:00  INFO 63221 --- [Note] [SpringApplicationShutdownHook] j.LocalContainerEntityManagerFactoryBean : Closing JPA EntityManagerFactory for persistence unit 'default'
2024-06-29T16:56:36.199+07:00  INFO 63221 --- [Note] [SpringApplicationShutdownHook] com.zaxxer.hikari.HikariDataSource       : HikariPool-1 - Shutdown initiated...
2024-06-29T16:56:36.249+07:00  INFO 63221 --- [Note] [SpringApplicationShutdownHook] com.zaxxer.hikari.HikariDataSource       : HikariPool-1 - Shutdown completed.
2024-06-29T16:58:25.389+07:00  INFO 68213 --- [Note] [restartedMain] com.project.note.NoteApplication         : Starting NoteApplication using Java 17.0.11 with PID 68213 (/Users/trthanhdo41/Desktop/admin 2/target/classes started by trthanhdo41 in /Users/trthanhdo41/Desktop/admin 2)
2024-06-29T16:58:25.398+07:00 DEBUG 68213 --- [Note] [restartedMain] com.project.note.NoteApplication         : Running with Spring Boot v3.3.0, Spring v6.1.8
2024-06-29T16:58:25.403+07:00  INFO 68213 --- [Note] [restartedMain] com.project.note.NoteApplication         : No active profile set, falling back to 1 default profile: "default"
2024-06-29T16:58:25.567+07:00  INFO 68213 --- [Note] [restartedMain] .e.DevToolsPropertyDefaultsPostProcessor : Devtools property defaults active! Set 'spring.devtools.add-properties' to 'false' to disable
2024-06-29T16:58:25.569+07:00  INFO 68213 --- [Note] [restartedMain] .e.DevToolsPropertyDefaultsPostProcessor : For additional web related logging consider setting the 'logging.level.web' property to 'DEBUG'
2024-06-29T16:58:27.149+07:00  INFO 68213 --- [Note] [restartedMain] .s.d.r.c.RepositoryConfigurationDelegate : Bootstrapping Spring Data JPA repositories in DEFAULT mode.
2024-06-29T16:58:27.327+07:00  INFO 68213 --- [Note] [restartedMain] .s.d.r.c.RepositoryConfigurationDelegate : Finished Spring Data repository scanning in 151 ms. Found 7 JPA repository interfaces.
2024-06-29T16:58:28.667+07:00  INFO 68213 --- [Note] [restartedMain] o.s.b.w.embedded.tomcat.TomcatWebServer  : Tomcat initialized with port 8080 (http)
2024-06-29T16:58:28.702+07:00  INFO 68213 --- [Note] [restartedMain] o.apache.catalina.core.StandardService   : Starting service [Tomcat]
2024-06-29T16:58:28.703+07:00  INFO 68213 --- [Note] [restartedMain] o.apache.catalina.core.StandardEngine    : Starting Servlet engine: [Apache Tomcat/10.1.24]
2024-06-29T16:58:28.788+07:00  INFO 68213 --- [Note] [restartedMain] o.a.c.c.C.[Tomcat].[localhost].[/]       : Initializing Spring embedded WebApplicationContext
2024-06-29T16:58:28.789+07:00  INFO 68213 --- [Note] [restartedMain] w.s.c.ServletWebServerApplicationContext : Root WebApplicationContext: initialization completed in 3213 ms
2024-06-29T16:58:29.348+07:00  INFO 68213 --- [Note] [restartedMain] o.hibernate.jpa.internal.util.LogHelper  : HHH000204: Processing PersistenceUnitInfo [name: default]
2024-06-29T16:58:29.593+07:00  INFO 68213 --- [Note] [restartedMain] org.hibernate.Version                    : HHH000412: Hibernate ORM core version 6.5.2.Final
2024-06-29T16:58:29.664+07:00  INFO 68213 --- [Note] [restartedMain] o.h.c.internal.RegionFactoryInitiator    : HHH000026: Second-level cache disabled
2024-06-29T16:58:30.306+07:00  INFO 68213 --- [Note] [restartedMain] o.s.o.j.p.SpringPersistenceUnitInfo      : No LoadTimeWeaver setup: ignoring JPA class transformer
2024-06-29T16:58:30.345+07:00  INFO 68213 --- [Note] [restartedMain] com.zaxxer.hikari.HikariDataSource       : HikariPool-1 - Starting...
2024-06-29T16:58:31.053+07:00  INFO 68213 --- [Note] [restartedMain] com.zaxxer.hikari.pool.HikariPool        : HikariPool-1 - Added connection com.mysql.cj.jdbc.ConnectionImpl@62912d5d
2024-06-29T16:58:31.057+07:00  INFO 68213 --- [Note] [restartedMain] com.zaxxer.hikari.HikariDataSource       : HikariPool-1 - Start completed.
2024-06-29T16:58:31.167+07:00  WARN 68213 --- [Note] [restartedMain] org.hibernate.orm.deprecation            : HHH90000025: MySQLDialect does not need to be specified explicitly using 'hibernate.dialect' (remove the property setting and it will be selected by default)
2024-06-29T16:58:33.090+07:00  INFO 68213 --- [Note] [restartedMain] o.h.e.t.j.p.i.JtaPlatformInitiator       : HHH000489: No JTA platform available (set 'hibernate.transaction.jta.platform' to enable JTA platform integration)
2024-06-29T16:58:34.443+07:00  INFO 68213 --- [Note] [restartedMain] j.LocalContainerEntityManagerFactoryBean : Initialized JPA EntityManagerFactory for persistence unit 'default'
2024-06-29T16:58:35.212+07:00  INFO 68213 --- [Note] [restartedMain] o.s.d.j.r.query.QueryEnhancerFactory     : Hibernate is in classpath; If applicable, HQL parser will be used.
2024-06-29T16:58:38.731+07:00  WARN 68213 --- [Note] [restartedMain] JpaBaseConfiguration$JpaWebConfiguration : spring.jpa.open-in-view is enabled by default. Therefore, database queries may be performed during view rendering. Explicitly configure spring.jpa.open-in-view to disable this warning
2024-06-29T16:58:38.810+07:00  INFO 68213 --- [Note] [restartedMain] eAuthenticationProviderManagerConfigurer : Global AuthenticationManager configured with AuthenticationProvider bean with name authenticationProvider
2024-06-29T16:58:38.812+07:00  WARN 68213 --- [Note] [restartedMain] r$InitializeUserDetailsManagerConfigurer : Global AuthenticationManager configured with an AuthenticationProvider bean. UserDetailsService beans will not be used for username/password login. Consider removing the AuthenticationProvider bean. Alternatively, consider using the UserDetailsService in a manually instantiated DaoAuthenticationProvider.
2024-06-29T16:58:39.790+07:00  INFO 68213 --- [Note] [restartedMain] o.s.s.web.DefaultSecurityFilterChain     : Will secure any request with [org.springframework.security.web.session.DisableEncodeUrlFilter@47efd10, org.springframework.security.web.context.request.async.WebAsyncManagerIntegrationFilter@2545d70c, org.springframework.security.web.context.SecurityContextHolderFilter@4b7aa4d2, org.springframework.security.web.header.HeaderWriterFilter@5ac56de8, org.springframework.web.filter.CorsFilter@1a46e9a1, org.springframework.security.web.csrf.CsrfFilter@584d0eb2, org.springframework.security.web.authentication.logout.LogoutFilter@47409038, org.springframework.security.web.authentication.UsernamePasswordAuthenticationFilter@5fcc1e03, org.springframework.security.web.savedrequest.RequestCacheAwareFilter@72454a81, org.springframework.security.web.servletapi.SecurityContextHolderAwareRequestFilter@a88a5d7, org.springframework.security.web.authentication.AnonymousAuthenticationFilter@6ebfb439, org.springframework.security.web.access.ExceptionTranslationFilter@36490fa4, org.springframework.security.web.access.intercept.FilterSecurityInterceptor@785b3833]
2024-06-29T16:58:40.311+07:00  INFO 68213 --- [Note] [restartedMain] o.s.b.d.a.OptionalLiveReloadServer       : LiveReload server is running on port 35729
2024-06-29T16:58:40.367+07:00  INFO 68213 --- [Note] [restartedMain] o.s.b.w.embedded.tomcat.TomcatWebServer  : Tomcat started on port 8080 (http) with context path '/'
2024-06-29T16:58:40.387+07:00  INFO 68213 --- [Note] [restartedMain] com.project.note.NoteApplication         : Started NoteApplication in 16.053 seconds (process running for 18.873)
2024-06-29T16:58:43.883+07:00  INFO 68213 --- [Note] [http-nio-8080-exec-1] o.a.c.c.C.[Tomcat].[localhost].[/]       : Initializing Spring DispatcherServlet 'dispatcherServlet'
2024-06-29T16:58:43.884+07:00  INFO 68213 --- [Note] [http-nio-8080-exec-1] o.s.web.servlet.DispatcherServlet        : Initializing Servlet 'dispatcherServlet'
2024-06-29T16:58:43.888+07:00  INFO 68213 --- [Note] [http-nio-8080-exec-1] o.s.web.servlet.DispatcherServlet        : Completed initialization in 4 ms
2024-06-29T16:58:46.024+07:00  WARN 68213 --- [Note] [http-nio-8080-exec-6] o.s.web.servlet.PageNotFound             : No mapping for GET /favicon.ico
2024-06-29T16:58:46.054+07:00  WARN 68213 --- [Note] [http-nio-8080-exec-6] o.s.w.s.h.SimpleMappingExceptionResolver : Resolved [org.springframework.web.servlet.NoHandlerFoundException: No endpoint GET /favicon.ico.]
2024-06-29T17:00:28.884+07:00  INFO 68213 --- [Note] [SpringApplicationShutdownHook] j.LocalContainerEntityManagerFactoryBean : Closing JPA EntityManagerFactory for persistence unit 'default'
2024-06-29T17:00:28.891+07:00  INFO 68213 --- [Note] [SpringApplicationShutdownHook] com.zaxxer.hikari.HikariDataSource       : HikariPool-1 - Shutdown initiated...
2024-06-29T17:00:28.918+07:00  INFO 68213 --- [Note] [SpringApplicationShutdownHook] com.zaxxer.hikari.HikariDataSource       : HikariPool-1 - Shutdown completed.
2024-06-29T17:00:31.653+07:00  INFO 69290 --- [Note] [restartedMain] com.project.note.NoteApplication         : Starting NoteApplication using Java 17.0.11 with PID 69290 (/Users/trthanhdo41/Desktop/admin 2/target/classes started by trthanhdo41 in /Users/trthanhdo41/Desktop/admin 2)
2024-06-29T17:00:31.655+07:00 DEBUG 69290 --- [Note] [restartedMain] com.project.note.NoteApplication         : Running with Spring Boot v3.3.0, Spring v6.1.8
2024-06-29T17:00:31.655+07:00  INFO 69290 --- [Note] [restartedMain] com.project.note.NoteApplication         : No active profile set, falling back to 1 default profile: "default"
2024-06-29T17:00:31.689+07:00  INFO 69290 --- [Note] [restartedMain] .e.DevToolsPropertyDefaultsPostProcessor : Devtools property defaults active! Set 'spring.devtools.add-properties' to 'false' to disable
2024-06-29T17:00:31.689+07:00  INFO 69290 --- [Note] [restartedMain] .e.DevToolsPropertyDefaultsPostProcessor : For additional web related logging consider setting the 'logging.level.web' property to 'DEBUG'
2024-06-29T17:00:32.133+07:00  INFO 69290 --- [Note] [restartedMain] .s.d.r.c.RepositoryConfigurationDelegate : Bootstrapping Spring Data JPA repositories in DEFAULT mode.
2024-06-29T17:00:32.172+07:00  INFO 69290 --- [Note] [restartedMain] .s.d.r.c.RepositoryConfigurationDelegate : Finished Spring Data repository scanning in 34 ms. Found 7 JPA repository interfaces.
2024-06-29T17:00:32.511+07:00  INFO 69290 --- [Note] [restartedMain] o.s.b.w.embedded.tomcat.TomcatWebServer  : Tomcat initialized with port 8080 (http)
2024-06-29T17:00:32.517+07:00  INFO 69290 --- [Note] [restartedMain] o.apache.catalina.core.StandardService   : Starting service [Tomcat]
2024-06-29T17:00:32.517+07:00  INFO 69290 --- [Note] [restartedMain] o.apache.catalina.core.StandardEngine    : Starting Servlet engine: [Apache Tomcat/10.1.24]
2024-06-29T17:00:32.539+07:00  INFO 69290 --- [Note] [restartedMain] o.a.c.c.C.[Tomcat].[localhost].[/]       : Initializing Spring embedded WebApplicationContext
2024-06-29T17:00:32.539+07:00  INFO 69290 --- [Note] [restartedMain] w.s.c.ServletWebServerApplicationContext : Root WebApplicationContext: initialization completed in 850 ms
2024-06-29T17:00:32.640+07:00  INFO 69290 --- [Note] [restartedMain] o.hibernate.jpa.internal.util.LogHelper  : HHH000204: Processing PersistenceUnitInfo [name: default]
2024-06-29T17:00:32.669+07:00  INFO 69290 --- [Note] [restartedMain] org.hibernate.Version                    : HHH000412: Hibernate ORM core version 6.5.2.Final
2024-06-29T17:00:32.685+07:00  INFO 69290 --- [Note] [restartedMain] o.h.c.internal.RegionFactoryInitiator    : HHH000026: Second-level cache disabled
2024-06-29T17:00:32.845+07:00  INFO 69290 --- [Note] [restartedMain] o.s.o.j.p.SpringPersistenceUnitInfo      : No LoadTimeWeaver setup: ignoring JPA class transformer
2024-06-29T17:00:32.859+07:00  INFO 69290 --- [Note] [restartedMain] com.zaxxer.hikari.HikariDataSource       : HikariPool-1 - Starting...
2024-06-29T17:00:33.082+07:00  INFO 69290 --- [Note] [restartedMain] com.zaxxer.hikari.pool.HikariPool        : HikariPool-1 - Added connection com.mysql.cj.jdbc.ConnectionImpl@d772997
2024-06-29T17:00:33.083+07:00  INFO 69290 --- [Note] [restartedMain] com.zaxxer.hikari.HikariDataSource       : HikariPool-1 - Start completed.
2024-06-29T17:00:33.127+07:00  WARN 69290 --- [Note] [restartedMain] org.hibernate.orm.deprecation            : HHH90000025: MySQLDialect does not need to be specified explicitly using 'hibernate.dialect' (remove the property setting and it will be selected by default)
2024-06-29T17:00:33.650+07:00  INFO 69290 --- [Note] [restartedMain] o.h.e.t.j.p.i.JtaPlatformInitiator       : HHH000489: No JTA platform available (set 'hibernate.transaction.jta.platform' to enable JTA platform integration)
2024-06-29T17:00:33.837+07:00  INFO 69290 --- [Note] [restartedMain] j.LocalContainerEntityManagerFactoryBean : Initialized JPA EntityManagerFactory for persistence unit 'default'
2024-06-29T17:00:33.996+07:00  INFO 69290 --- [Note] [restartedMain] o.s.d.j.r.query.QueryEnhancerFactory     : Hibernate is in classpath; If applicable, HQL parser will be used.
2024-06-29T17:00:34.632+07:00  WARN 69290 --- [Note] [restartedMain] JpaBaseConfiguration$JpaWebConfiguration : spring.jpa.open-in-view is enabled by default. Therefore, database queries may be performed during view rendering. Explicitly configure spring.jpa.open-in-view to disable this warning
2024-06-29T17:00:34.655+07:00  INFO 69290 --- [Note] [restartedMain] eAuthenticationProviderManagerConfigurer : Global AuthenticationManager configured with AuthenticationProvider bean with name authenticationProvider
2024-06-29T17:00:34.656+07:00  WARN 69290 --- [Note] [restartedMain] r$InitializeUserDetailsManagerConfigurer : Global AuthenticationManager configured with an AuthenticationProvider bean. UserDetailsService beans will not be used for username/password login. Consider removing the AuthenticationProvider bean. Alternatively, consider using the UserDetailsService in a manually instantiated DaoAuthenticationProvider.
2024-06-29T17:00:34.883+07:00  INFO 69290 --- [Note] [restartedMain] o.s.s.web.DefaultSecurityFilterChain     : Will secure any request with [org.springframework.security.web.session.DisableEncodeUrlFilter@5bad10de, org.springframework.security.web.context.request.async.WebAsyncManagerIntegrationFilter@5dd9ad57, org.springframework.security.web.context.SecurityContextHolderFilter@3d03606, org.springframework.security.web.header.HeaderWriterFilter@38aa69d, org.springframework.web.filter.CorsFilter@eaf8a4c, org.springframework.security.web.csrf.CsrfFilter@67fc0e8, org.springframework.security.web.authentication.logout.LogoutFilter@5080de2b, org.springframework.security.web.authentication.UsernamePasswordAuthenticationFilter@312c5139, org.springframework.security.web.savedrequest.RequestCacheAwareFilter@896f8ff, org.springframework.security.web.servletapi.SecurityContextHolderAwareRequestFilter@357bcd92, org.springframework.security.web.authentication.AnonymousAuthenticationFilter@8ce546c, org.springframework.security.web.access.ExceptionTranslationFilter@21211a33, org.springframework.security.web.access.intercept.FilterSecurityInterceptor@3ad784b8]
2024-06-29T17:00:35.049+07:00  INFO 69290 --- [Note] [restartedMain] o.s.b.d.a.OptionalLiveReloadServer       : LiveReload server is running on port 35729
2024-06-29T17:00:35.070+07:00  INFO 69290 --- [Note] [restartedMain] o.s.b.w.embedded.tomcat.TomcatWebServer  : Tomcat started on port 8080 (http) with context path '/'
2024-06-29T17:00:35.077+07:00  INFO 69290 --- [Note] [restartedMain] com.project.note.NoteApplication         : Started NoteApplication in 3.679 seconds (process running for 4.126)
2024-06-29T17:01:27.506+07:00  INFO 69290 --- [Note] [http-nio-8080-exec-1] o.a.c.c.C.[Tomcat].[localhost].[/]       : Initializing Spring DispatcherServlet 'dispatcherServlet'
2024-06-29T17:01:27.507+07:00  INFO 69290 --- [Note] [http-nio-8080-exec-1] o.s.web.servlet.DispatcherServlet        : Initializing Servlet 'dispatcherServlet'
2024-06-29T17:01:27.513+07:00  INFO 69290 --- [Note] [http-nio-8080-exec-1] o.s.web.servlet.DispatcherServlet        : Completed initialization in 6 ms
2024-06-29T17:01:28.027+07:00  WARN 69290 --- [Note] [http-nio-8080-exec-6] o.s.web.servlet.PageNotFound             : No mapping for GET /favicon.ico
2024-06-29T17:01:28.032+07:00  WARN 69290 --- [Note] [http-nio-8080-exec-6] o.s.w.s.h.SimpleMappingExceptionResolver : Resolved [org.springframework.web.servlet.NoHandlerFoundException: No endpoint GET /favicon.ico.]
2024-06-29T17:02:17.006+07:00  INFO 69290 --- [Note] [SpringApplicationShutdownHook] j.LocalContainerEntityManagerFactoryBean : Closing JPA EntityManagerFactory for persistence unit 'default'
2024-06-29T17:02:17.010+07:00  INFO 69290 --- [Note] [SpringApplicationShutdownHook] com.zaxxer.hikari.HikariDataSource       : HikariPool-1 - Shutdown initiated...
2024-06-29T17:02:17.027+07:00  INFO 69290 --- [Note] [SpringApplicationShutdownHook] com.zaxxer.hikari.HikariDataSource       : HikariPool-1 - Shutdown completed.
